<?xml version="1.0" encoding="UTF-8"?>
<testng-results skipped="0" failed="0" ignored="0" total="4" passed="4">
  <reporter-output>
  </reporter-output>
  <suite name="Suite" duration-ms="50" started-at="2020-03-26T08:49:39Z" finished-at="2020-03-26T08:49:39Z">
    <groups>
    </groups>
    <test name="Test" duration-ms="50" started-at="2020-03-26T08:49:39Z" finished-at="2020-03-26T08:49:39Z">
      <class name="BensQA.RestAPI">
        <test-method status="PASS" signature="login1()[pri:0, instance:BensQA.RestAPI@3e6fa38a]" name="login1" duration-ms="12" started-at="2020-03-26T08:49:39Z" finished-at="2020-03-26T08:49:39Z">
          <reporter-output>
          </reporter-output>
        </test-method> <!-- login1 -->
        <test-method status="PASS" signature="login2()[pri:0, instance:BensQA.RestAPI@3e6fa38a]" name="login2" duration-ms="2" started-at="2020-03-26T08:49:39Z" finished-at="2020-03-26T08:49:39Z">
          <reporter-output>
          </reporter-output>
        </test-method> <!-- login2 -->
      </class> <!-- BensQA.RestAPI -->
      <class name="BensQA.SeleniumAPI">
        <test-method status="PASS" signature="test1()[pri:0, instance:BensQA.SeleniumAPI@66a3ffec]" name="test1" duration-ms="1" started-at="2020-03-26T08:49:39Z" finished-at="2020-03-26T08:49:39Z">
          <reporter-output>
          </reporter-output>
        </test-method> <!-- test1 -->
        <test-method status="PASS" signature="test2()[pri:0, instance:BensQA.SeleniumAPI@66a3ffec]" name="test2" duration-ms="1" started-at="2020-03-26T08:49:39Z" finished-at="2020-03-26T08:49:39Z">
          <reporter-output>
          </reporter-output>
        </test-method> <!-- test2 -->
      </class> <!-- BensQA.SeleniumAPI -->
    </test> <!-- Test -->
  </suite> <!-- Suite -->
</testng-results>
