<?xml version="1.0" encoding="UTF-8"?>
<testng-results skipped="0" failed="0" total="1" passed="1">
  <reporter-output>
  </reporter-output>
  <suite name="Suite" duration-ms="14717" started-at="2020-02-10T02:52:55Z" finished-at="2020-02-10T02:53:10Z">
    <groups>
    </groups>
    <test name="Test" duration-ms="14717" started-at="2020-02-10T02:52:55Z" finished-at="2020-02-10T02:53:10Z">
      <class name="com.bens.selenium.NewTest">
        <test-method status="PASS" signature="beforeTest()[pri:0, instance:com.bens.selenium.NewTest@73f792cf]" name="beforeTest" is-config="true" duration-ms="8" started-at="2020-02-10T08:22:55Z" finished-at="2020-02-10T08:22:55Z">
          <reporter-output>
          </reporter-output>
        </test-method> <!-- beforeTest -->
        <test-method status="PASS" signature="f()[pri:0, instance:com.bens.selenium.NewTest@73f792cf]" name="f" duration-ms="14695" started-at="2020-02-10T08:22:55Z" finished-at="2020-02-10T08:23:10Z">
          <reporter-output>
          </reporter-output>
        </test-method> <!-- f -->
        <test-method status="PASS" signature="afterTest()[pri:0, instance:com.bens.selenium.NewTest@73f792cf]" name="afterTest" is-config="true" duration-ms="0" started-at="2020-02-10T08:23:10Z" finished-at="2020-02-10T08:23:10Z">
          <reporter-output>
          </reporter-output>
        </test-method> <!-- afterTest -->
      </class> <!-- com.bens.selenium.NewTest -->
    </test> <!-- Test -->
  </suite> <!-- Suite -->
</testng-results>
