<?xml version="1.0" encoding="UTF-8"?>
<testng-results skipped="0" failed="0" ignored="0" total="2" passed="2">
  <reporter-output>
  </reporter-output>
  <suite name="Surefire suite" duration-ms="51" started-at="2020-04-22T19:52:29 IST" finished-at="2020-04-22T19:52:29 IST">
    <groups>
    </groups>
    <test name="Surefire test" duration-ms="51" started-at="2020-04-22T19:52:29 IST" finished-at="2020-04-22T19:52:29 IST">
      <class name="BensQA.SeleniumTest">
        <test-method status="PASS" signature="test1Sel()[pri:0, instance:BensQA.SeleniumTest@f6c48ac]" name="test1Sel" duration-ms="5" started-at="2020-04-22T19:52:29 IST" finished-at="2020-04-22T19:52:29 IST">
          <reporter-output>
          </reporter-output>
        </test-method> <!-- test1Sel -->
        <test-method status="PASS" signature="test2Sel()[pri:0, instance:BensQA.SeleniumTest@f6c48ac]" name="test2Sel" duration-ms="0" started-at="2020-04-22T19:52:29 IST" finished-at="2020-04-22T19:52:29 IST">
          <reporter-output>
          </reporter-output>
        </test-method> <!-- test2Sel -->
      </class> <!-- BensQA.SeleniumTest -->
    </test> <!-- Surefire test -->
  </suite> <!-- Surefire suite -->
</testng-results>
