<?xml version="1.0" encoding="UTF-8"?>
<!-- Generated by org.testng.reporters.JUnitXMLReporter -->
<testsuite hostname="DESKTOP-O2DJV66" ignored="0" name="Test" tests="4" failures="0" timestamp="26 Mar 2020 08:49:39 GMT" time="0.05" errors="0">
  <testcase name="login1" time="0.012" classname="BensQA.RestAPI"/>
  <testcase name="login2" time="0.002" classname="BensQA.RestAPI"/>
  <testcase name="test1" time="0.001" classname="BensQA.SeleniumAPI"/>
  <testcase name="test2" time="0.001" classname="BensQA.SeleniumAPI"/>
</testsuite> <!-- Test -->
