<?xml version="1.0" encoding="UTF-8"?>
<!-- Generated by org.testng.reporters.JUnitXMLReporter -->
<testsuite hostname="DESKTOP-O2DJV66" ignored="0" name="Default test" tests="4" failures="0" timestamp="28 Mar 2020 15:43:14 GMT" time="49.381" errors="0">
  <testcase name="newstab" time="0.136" classname="com.bens.Rediff.Testcases.GoShoppingAndSearchProduct"/>
  <testcase name="gotoMoneyPage" time="7.254" classname="com.bens.Rediff.Testcases.GoShoppingAndSearchProduct"/>
  <testcase name="videoPage" time="1.838" classname="com.bens.Rediff.Testcases.GoShoppingAndSearchProduct"/>
  <testcase name="productSearch" time="20.445" classname="com.bens.Rediff.Testcases.GoShoppingAndSearchProduct"/>
</testsuite> <!-- Default test -->
