<?xml version="1.0" encoding="UTF-8"?>
<!-- Generated by org.testng.reporters.JUnitXMLReporter -->
<testsuite hostname="DESKTOP-O2DJV66" ignored="3" name="Carloan" tests="4" failures="0" timestamp="27 Mar 2020 03:26:07 GMT" time="0.025" errors="0">
  <testcase name="afterCarloanMethod" time="0.001" classname="com.bens.testng.CarLoan"/>
  <testcase name="carloan5" time="0.002" classname="com.bens.testng.CarLoan"/>
  <testcase name="login" time="0.011" classname="com.bens.testng.CarLoan"/>
  <testcase name="logincar" time="0.001" classname="com.bens.testng.CarLoan"/>
  <testcase name="carloan1" time="0.0" classname="com.bens.testng.CarLoan">
    <ignored/>
  </testcase> <!-- carloan1 -->
  <testcase name="carloan2" time="0.0" classname="com.bens.testng.CarLoan">
    <ignored/>
  </testcase> <!-- carloan2 -->
  <testcase name="carloan3" time="0.0" classname="com.bens.testng.CarLoan">
    <ignored/>
  </testcase> <!-- carloan3 -->
</testsuite> <!-- Carloan -->
