<?xml version="1.0" encoding="UTF-8"?>
<!-- Generated by org.testng.reporters.JUnitXMLReporter -->
<testsuite hostname="DESKTOP-O2DJV66" ignored="0" name="RegressionTest" tests="10" failures="0" timestamp="27 Mar 2020 03:26:07 GMT" time="0.065" errors="0">
  <testcase name="f" time="0.006" classname="com.bens.testng.NewTest"/>
  <testcase name="login1" time="0.001" classname="com.bens.testng.NewTest"/>
  <testcase name="withoutPriority" time="0.001" classname="com.bens.testng.NewTest"/>
  <testcase name="bikeLoan" time="0.001" classname="com.bens.testng.Normaltest"/>
  <testcase name="bikeloan2" time="0.001" classname="com.bens.testng.Normaltest"/>
  <testcase name="bikelogin" time="0.001" classname="com.bens.testng.Normaltest"/>
  <testcase name="login" time="0.001" classname="com.bens.testng.Normaltest"/>
  <testcase name="normalTest" time="0.001" classname="com.bens.testng.Normaltest"/>
  <testcase name="test2" time="0.001" classname="com.bens.testng.NewTest"/>
  <testcase name="login" time="0.001" classname="com.bens.testng.NewTest"/>
</testsuite> <!-- RegressionTest -->
