<?xml version="1.0" encoding="UTF-8"?>
<!-- Generated by org.testng.reporters.JUnitXMLReporter -->
<testsuite hostname="DESKTOP-O2DJV66" ignored="21" name="smoke" tests="3" failures="0" timestamp="19 Mar 2020 03:36:12 GMT" time="0.031" errors="0">
  <testcase name="carloan5" time="0.016" classname="com.bens.testng.CarLoan"/>
  <testcase name="carloan2" time="0.0" classname="com.bens.testng.CarLoan"/>
  <testcase name="login" time="0.0" classname="com.bens.testng.NewTest"/>
  <testcase name="withoutPriority" time="0.0" classname="com.bens.testng.NewTest">
    <ignored/>
  </testcase> <!-- withoutPriority -->
  <testcase name="test2" time="0.0" classname="com.bens.testng.NewTest">
    <ignored/>
  </testcase> <!-- test2 -->
  <testcase name="accessHomePage" time="0.0" classname="com.bens.testng.TestNGGroupExample">
    <ignored/>
  </testcase> <!-- accessHomePage -->
  <testcase name="bikelogin" time="0.0" classname="com.bens.testng.Normaltest">
    <ignored/>
  </testcase> <!-- bikelogin -->
  <testcase name="bikeloan2" time="0.0" classname="com.bens.testng.Normaltest">
    <ignored/>
  </testcase> <!-- bikeloan2 -->
  <testcase name="login" time="0.0" classname="com.bens.testng.CarLoan">
    <ignored/>
  </testcase> <!-- login -->
  <testcase name="openConfirmationDialog" time="0.0" classname="com.bens.testng.TestNGGroupExample">
    <ignored/>
  </testcase> <!-- openConfirmationDialog -->
  <testcase name="login1" time="0.0" classname="com.bens.testng.NewTest">
    <ignored/>
  </testcase> <!-- login1 -->
  <testcase name="login" time="0.0" classname="com.bens.testng.Normaltest">
    <ignored/>
  </testcase> <!-- login -->
  <testcase name="test1" time="0.0" classname="com.bens.testng.Annotation">
    <ignored/>
  </testcase> <!-- test1 -->
  <testcase name="carloan1" time="0.0" classname="com.bens.testng.CarLoan">
    <ignored/>
  </testcase> <!-- carloan1 -->
  <testcase name="accessAdminPage" time="0.0" classname="com.bens.testng.TestNGGroupExample">
    <ignored/>
  </testcase> <!-- accessAdminPage -->
  <testcase name="testInsert" time="0.0" classname="com.bens.testng.TestNGGroupExample">
    <ignored/>
  </testcase> <!-- testInsert -->
  <testcase name="testUpdate" time="0.0" classname="com.bens.testng.TestNGGroupExample">
    <ignored/>
  </testcase> <!-- testUpdate -->
  <testcase name="logincar" time="0.0" classname="com.bens.testng.CarLoan">
    <ignored/>
  </testcase> <!-- logincar -->
  <testcase name="openFileDialog" time="0.0" classname="com.bens.testng.TestNGGroupExample">
    <ignored/>
  </testcase> <!-- openFileDialog -->
  <testcase name="f" time="0.0" classname="com.bens.testng.NewTest">
    <ignored/>
  </testcase> <!-- f -->
  <testcase name="bikeLoan" time="0.0" classname="com.bens.testng.Normaltest">
    <ignored/>
  </testcase> <!-- bikeLoan -->
  <testcase name="testDelete" time="0.0" classname="com.bens.testng.TestNGGroupExample">
    <ignored/>
  </testcase> <!-- testDelete -->
  <testcase name="normalTest" time="0.0" classname="com.bens.testng.Normaltest">
    <ignored/>
  </testcase> <!-- normalTest -->
  <testcase name="carloan3" time="0.0" classname="com.bens.testng.CarLoan">
    <ignored/>
  </testcase> <!-- carloan3 -->
</testsuite> <!-- smoke -->
