<?xml version="1.0" encoding="UTF-8"?>
<testng-results skipped="0" failed="0" ignored="0" total="1" passed="1">
  <reporter-output>
  </reporter-output>
  <suite name="Default suite" duration-ms="26415" started-at="2019-06-07T02:33:19Z" finished-at="2019-06-07T02:33:46Z">
    <groups>
    </groups>
    <test name="Default test" duration-ms="26415" started-at="2019-06-07T02:33:19Z" finished-at="2019-06-07T02:33:46Z">
      <class name="com.bens.maven.LaunchTest">
        <test-method status="PASS" signature="testhello()[pri:0, instance:com.bens.maven.LaunchTest@4678c730]" name="testhello" duration-ms="26316" started-at="2019-06-07T02:33:19Z" finished-at="2019-06-07T02:33:46Z">
          <reporter-output>
          </reporter-output>
        </test-method> <!-- testhello -->
      </class> <!-- com.bens.maven.LaunchTest -->
    </test> <!-- Default test -->
  </suite> <!-- Default suite -->
</testng-results>
