<?xml version="1.0" encoding="UTF-8"?>
<!-- Generated by org.testng.reporters.JUnitXMLReporter -->
<testsuite hostname="DESKTOP-O2DJV66" ignored="12" name="smoke" tests="4" failures="0" timestamp="19 Mar 2020 02:51:01 GMT" time="0.011" errors="0">
  <testcase name="test1" time="0.002" classname="com.bens.testng.Annotation"/>
  <testcase name="login1" time="0.001" classname="com.bens.testng.NewTest"/>
  <testcase name="bikeloan2" time="0.001" classname="com.bens.testng.Normaltest"/>
  <testcase name="login" time="0.001" classname="com.bens.testng.NewTest"/>
  <testcase name="carloan1" time="0.0" classname="com.bens.testng.CarLoan">
    <ignored/>
  </testcase> <!-- carloan1 -->
  <testcase name="withoutPriority" time="0.0" classname="com.bens.testng.NewTest">
    <ignored/>
  </testcase> <!-- withoutPriority -->
  <testcase name="test2" time="0.0" classname="com.bens.testng.NewTest">
    <ignored/>
  </testcase> <!-- test2 -->
  <testcase name="logincar" time="0.0" classname="com.bens.testng.CarLoan">
    <ignored/>
  </testcase> <!-- logincar -->
  <testcase name="bikelogin" time="0.0" classname="com.bens.testng.Normaltest">
    <ignored/>
  </testcase> <!-- bikelogin -->
  <testcase name="login" time="0.0" classname="com.bens.testng.CarLoan">
    <ignored/>
  </testcase> <!-- login -->
  <testcase name="f" time="0.0" classname="com.bens.testng.NewTest">
    <ignored/>
  </testcase> <!-- f -->
  <testcase name="bikeLoan" time="0.0" classname="com.bens.testng.Normaltest">
    <ignored/>
  </testcase> <!-- bikeLoan -->
  <testcase name="carloan2" time="0.0" classname="com.bens.testng.CarLoan">
    <ignored/>
  </testcase> <!-- carloan2 -->
  <testcase name="normalTest" time="0.0" classname="com.bens.testng.Normaltest">
    <ignored/>
  </testcase> <!-- normalTest -->
  <testcase name="login" time="0.0" classname="com.bens.testng.Normaltest">
    <ignored/>
  </testcase> <!-- login -->
  <testcase name="carloan3" time="0.0" classname="com.bens.testng.CarLoan">
    <ignored/>
  </testcase> <!-- carloan3 -->
</testsuite> <!-- smoke -->
