<?xml version="1.0" encoding="UTF-8"?>
<testng-results skipped="0" failed="0" ignored="0" total="4" passed="4">
  <reporter-output>
  </reporter-output>
  <suite name="Default suite" duration-ms="49381" started-at="2020-03-28T15:42:25Z" finished-at="2020-03-28T15:43:14Z">
    <groups>
    </groups>
    <test name="Default test" duration-ms="49381" started-at="2020-03-28T15:42:25Z" finished-at="2020-03-28T15:43:14Z">
      <class name="com.bens.Rediff.Testcases.GoShoppingAndSearchProduct">
        <test-method status="PASS" signature="setup()[pri:0, instance:com.bens.Rediff.Testcases.GoShoppingAndSearchProduct@475530b9]" name="setup" is-config="true" duration-ms="17340" started-at="2020-03-28T15:42:25Z" finished-at="2020-03-28T15:42:42Z">
          <reporter-output>
          </reporter-output>
        </test-method> <!-- setup -->
        <test-method status="PASS" signature="newstab()[pri:0, instance:com.bens.Rediff.Testcases.GoShoppingAndSearchProduct@475530b9]" name="newstab" duration-ms="136" started-at="2020-03-28T15:42:42Z" finished-at="2020-03-28T15:42:42Z">
          <reporter-output>
          </reporter-output>
        </test-method> <!-- newstab -->
        <test-method status="PASS" signature="gotoMoneyPage()[pri:1, instance:com.bens.Rediff.Testcases.GoShoppingAndSearchProduct@475530b9]" name="gotoMoneyPage" duration-ms="7254" started-at="2020-03-28T15:42:42Z" finished-at="2020-03-28T15:42:49Z">
          <reporter-output>
          </reporter-output>
        </test-method> <!-- gotoMoneyPage -->
        <test-method status="PASS" signature="videoPage()[pri:2, instance:com.bens.Rediff.Testcases.GoShoppingAndSearchProduct@475530b9]" name="videoPage" duration-ms="1838" started-at="2020-03-28T15:42:49Z" finished-at="2020-03-28T15:42:51Z">
          <reporter-output>
          </reporter-output>
        </test-method> <!-- videoPage -->
        <test-method status="PASS" signature="productSearch()[pri:3, instance:com.bens.Rediff.Testcases.GoShoppingAndSearchProduct@475530b9]" name="productSearch" duration-ms="20445" started-at="2020-03-28T15:42:51Z" finished-at="2020-03-28T15:43:12Z">
          <reporter-output>
          </reporter-output>
        </test-method> <!-- productSearch -->
        <test-method status="PASS" signature="teardown()[pri:0, instance:com.bens.Rediff.Testcases.GoShoppingAndSearchProduct@475530b9]" name="teardown" is-config="true" duration-ms="2344" started-at="2020-03-28T15:43:12Z" finished-at="2020-03-28T15:43:14Z">
          <reporter-output>
          </reporter-output>
        </test-method> <!-- teardown -->
      </class> <!-- com.bens.Rediff.Testcases.GoShoppingAndSearchProduct -->
    </test> <!-- Default test -->
  </suite> <!-- Default suite -->
</testng-results>
