<?xml version="1.0" encoding="UTF-8"?>
<!-- Generated by org.testng.reporters.JUnitXMLReporter -->
<testsuite hostname="DESKTOP-O2DJV66" ignored="0" name="Test" tests="2" failures="1" timestamp="29 Mar 2020 12:39:02 GMT" time="0.041" errors="0">
  <testcase name="para1" time="0.0" classname="com.bens.testng.Parameter">
    <failure type="org.testng.TestNGException" message="
Conversion issue on parameter: age">
      <![CDATA[org.testng.TestNGException: 
Conversion issue on parameter: age
Caused by: java.lang.NumberFormatException: For input string: "testuser"
	at java.lang.NumberFormatException.forInputString(Unknown Source)
	at java.lang.Integer.parseInt(Unknown Source)
	at java.lang.Integer.valueOf(Unknown Source)
	... 23 more
... Removed 25 stack frames]]>
    </failure>
  </testcase> <!-- para1 -->
  <testcase name="para2" time="0.003" classname="com.bens.testng.Parameter"/>
</testsuite> <!-- Test -->
