<?xml version="1.0" encoding="UTF-8"?>
<!-- Generated by org.testng.reporters.JUnitXMLReporter -->
<testsuite hostname="DESKTOP-O2DJV66" ignored="0" name="TestDataProvider" tests="3" failures="0" timestamp="25 Mar 2020 03:55:04 GMT" time="0.055" errors="0">
  <testcase name="datalogin" time="0.01" classname="com.bens.testng.DataProviderTest"/>
  <testcase name="datalogin" time="0.002" classname="com.bens.testng.DataProviderTest"/>
  <testcase name="datalogin" time="0.002" classname="com.bens.testng.DataProviderTest"/>
</testsuite> <!-- TestDataProvider -->
