<?xml version="1.0" encoding="UTF-8"?>
<!-- Generated by org.testng.reporters.JUnitXMLReporter -->
<testsuite hostname="DESKTOP-O2DJV66" ignored="1" name="Default test(failed)" tests="1" failures="1" timestamp="25 Mar 2020 07:09:04 GMT" time="0.043" errors="0">
  <testcase name="onFailCheck" time="0.014" classname="com.bens.testng.DataProviderTest">
    <failure type="java.lang.AssertionError" message="expected [true] but found [false]">
      <![CDATA[java.lang.AssertionError: expected [true] but found [false]
	at com.bens.testng.DataProviderTest.onFailCheck(DataProviderTest.java:32)
... Removed 31 stack frames]]>
    </failure>
  </testcase> <!-- onFailCheck -->
  <testcase name="datalogin" time="0.0" classname="com.bens.testng.DataProviderTest">
    <ignored/>
  </testcase> <!-- datalogin -->
</testsuite> <!-- Default test(failed) -->
